<?xml version="1.0" encoding="UTF-8"?>
<testng-results skipped="0" failed="0" ignored="0" total="1" passed="1">
  <reporter-output>
  </reporter-output>
  <suite name="Default suite" duration-ms="89830" started-at="2019-11-24T16:18:37Z" finished-at="2019-11-24T16:20:07Z">
    <groups>
    </groups>
    <test name="Default test" duration-ms="89830" started-at="2019-11-24T16:18:37Z" finished-at="2019-11-24T16:20:07Z">
      <class name="tests.BaseClass">
        <test-method status="PASS" signature="setup()[pri:0, instance:tests.BaseClass@553f17c]" name="setup" is-config="true" duration-ms="33978" started-at="2019-11-24T16:18:37Z" finished-at="2019-11-24T16:19:11Z">
          <reporter-output>
          </reporter-output>
        </test-method> <!-- setup -->
        <test-method status="PASS" signature="quickRide_Automation()[pri:0, instance:tests.BaseClass@553f17c]" name="quickRide_Automation" duration-ms="54626" started-at="2019-11-24T16:19:11Z" finished-at="2019-11-24T16:20:06Z">
          <reporter-output>
          </reporter-output>
        </test-method> <!-- quickRide_Automation -->
        <test-method status="PASS" signature="teardown()[pri:0, instance:tests.BaseClass@553f17c]" name="teardown" is-config="true" duration-ms="1194" started-at="2019-11-24T16:20:06Z" finished-at="2019-11-24T16:20:07Z">
          <reporter-output>
          </reporter-output>
        </test-method> <!-- teardown -->
      </class> <!-- tests.BaseClass -->
    </test> <!-- Default test -->
  </suite> <!-- Default suite -->
</testng-results>
